2025-02-10 12:29:55,079 - INFO - [1/5] Loading models...
2025-02-10 12:29:59,786 - INFO - \u2705 Models loaded.
2025-02-10 12:29:59,788 - INFO - \U0001f680 Starting data augmentation pipeline...
2025-02-10 12:30:03,492 - INFO - ==== Starting folder {path}
2025-02-10 12:30:03,492 - INFO - [2/5] Importing text files...
2025-02-10 12:32:08,854 - INFO - \u2705 Imported 1094 text files.
2025-02-10 12:32:09,073 - INFO - [3/5] Applying augmentation...
2025-02-10 12:32:09,182 - INFO - \U0001f504 Augmenting text...
2025-02-10 12:43:11,678 - INFO - [1/5] Loading models...
2025-02-10 12:43:17,147 - INFO - \u2705 Models loaded.
2025-02-10 12:43:17,148 - INFO - \U0001f680 Starting data augmentation pipeline...
2025-02-10 12:43:20,789 - INFO - ==== Starting folder {path}
2025-02-10 12:43:20,789 - INFO - [2/5] Importing text files...
2025-02-10 12:45:25,532 - INFO - \u2705 Imported 1094 text files.
2025-02-10 12:45:25,774 - INFO - [3/5] Applying augmentation...
2025-02-10 12:45:25,878 - INFO - \U0001f504 Augmenting text...
2025-02-10 13:13:54,224 - INFO - [1/5] Loading models...
2025-02-10 13:13:57,656 - INFO - \u2705 Models loaded.
2025-02-10 13:13:57,656 - INFO - \U0001f680 Starting data augmentation pipeline...
2025-02-10 13:13:57,656 - INFO - [2/5] Importing text files...
2025-02-10 13:14:01,142 - INFO - \u2705 Imported 0 text files.
2025-02-10 13:14:01,160 - INFO - [3/5] Applying augmentation...
2025-02-10 13:14:01,160 - INFO - \u2705 Augmented 0 samples.
2025-02-10 13:14:01,160 - INFO - [5/5] Exporting dataset...
2025-02-10 13:14:01,223 - INFO - \u2705 Dataset saved to D:/fin_data_dir/augmented_reports\augmented_train_20250210_131401.csv
2025-02-10 13:16:35,737 - INFO - [1/5] Loading models...
2025-02-10 13:16:38,658 - INFO - \u2705 Models loaded.
2025-02-10 13:16:38,658 - INFO - \U0001f680 Starting data augmentation pipeline...
2025-02-10 13:16:38,658 - INFO - [2/5] Importing text files...
2025-02-10 13:16:45,425 - INFO - \u2705 Imported 64 text files.
2025-02-10 13:16:45,441 - INFO - [3/5] Applying augmentation...
2025-02-10 13:16:45,441 - INFO - \U0001f504 Augmenting text...
2025-02-10 13:45:54,099 - INFO - \u2705 Augmentation complete.
2025-02-10 13:45:54,121 - INFO - \U0001f504 Augmenting text...
2025-02-10 13:48:08,936 - INFO - [1/5] Loading models...
2025-02-10 13:48:12,235 - INFO - \u2705 Models loaded.
2025-02-10 13:48:12,235 - INFO - \U0001f680 Starting data augmentation pipeline...
2025-02-10 13:48:12,235 - INFO - [2/5] Importing text files...
2025-02-10 13:48:13,370 - INFO - \u2705 Imported 9 text files.
2025-02-10 13:48:13,374 - INFO - [3/5] Applying augmentation...
2025-02-10 13:48:13,380 - INFO - \U0001f504 Augmenting text...
2025-02-10 14:03:58,509 - INFO - \u2705 Augmentation complete.
2025-02-10 14:03:58,509 - INFO - \U0001f504 Augmenting text...
2025-02-10 14:25:27,147 - INFO - \u2705 Augmentation complete.
2025-02-10 14:25:27,172 - INFO - \U0001f504 Augmenting text...
2025-02-10 14:45:28,715 - INFO - [1/5] Loading models...
2025-02-10 14:45:31,805 - INFO - \u2705 Models loaded.
2025-02-10 14:45:31,805 - INFO - \U0001f680 Starting data augmentation pipeline...
2025-02-10 14:45:31,805 - INFO - [2/5] Importing text files...
2025-02-10 14:45:35,445 - INFO - \u2705 Imported 1 text files.
2025-02-10 14:45:35,453 - INFO - [3/5] Applying augmentation...
2025-02-10 14:45:35,460 - INFO - \U0001f504 Augmenting text...
